2024-11-28 15:44:34,157 [INFO] ====== WebDriver manager ======
2024-11-28 15:44:34,956 [INFO] Get LATEST chromedriver version for google-chrome
2024-11-28 15:44:35,175 [INFO] Get LATEST chromedriver version for google-chrome
2024-11-28 15:44:35,291 [INFO] Driver [C:\Users\dhana\.wdm\drivers\chromedriver\win64\131.0.6778.85\chromedriver-win32/chromedriver.exe] found in cache
2024-11-28 15:44:38,054 [INFO] Initialized headless Chrome WebDriver.
2024-11-28 15:49:09,686 [INFO] ====== WebDriver manager ======
2024-11-28 15:49:10,388 [INFO] Get LATEST chromedriver version for google-chrome
2024-11-28 15:49:10,516 [INFO] Get LATEST chromedriver version for google-chrome
2024-11-28 15:49:10,625 [INFO] Driver [C:\Users\dhana\.wdm\drivers\chromedriver\win64\131.0.6778.85\chromedriver-win32/chromedriver.exe] found in cache
2024-11-28 15:49:11,749 [INFO] Initialized headless Chrome WebDriver.
2024-11-28 15:52:21,262 [INFO] ====== WebDriver manager ======
2024-11-28 15:52:21,981 [INFO] Get LATEST chromedriver version for google-chrome
2024-11-28 15:52:22,150 [INFO] Get LATEST chromedriver version for google-chrome
2024-11-28 15:52:22,274 [INFO] Driver [C:\Users\dhana\.wdm\drivers\chromedriver\win64\131.0.6778.85\chromedriver-win32/chromedriver.exe] found in cache
2024-11-28 15:52:23,397 [INFO] Initialized headless Chrome WebDriver.
2024-11-28 15:52:23,701 [ERROR] Error checking robots.txt for https://support.hp.com/us-en/security-bulletins: module 'robots' has no attribute 'RobotsParser'
2024-11-28 15:52:25,104 [INFO] Fetching URL: https://support.hp.com/us-en/security-bulletins
2024-11-28 15:52:33,373 [INFO] Using custom scraper for HP.
2024-11-28 15:52:33,378 [WARNING] No CVE table found on HP page.
2024-11-28 15:52:35,454 [INFO] Web scraping completed.
2024-11-28 15:52:35,462 [INFO] Structured data into DataFrame with 0 records.
2024-11-28 15:52:35,468 [INFO] Data saved to cve_data.csv
2024-11-28 15:58:01,602 [INFO] ====== WebDriver manager ======
2024-11-28 15:58:02,254 [INFO] Get LATEST chromedriver version for google-chrome
2024-11-28 15:58:02,387 [INFO] Get LATEST chromedriver version for google-chrome
2024-11-28 15:58:02,515 [INFO] Driver [C:\Users\dhana\.wdm\drivers\chromedriver\win64\131.0.6778.85\chromedriver-win32/chromedriver.exe] found in cache
2024-11-28 15:58:03,563 [INFO] Initialized headless Chrome WebDriver.
2024-11-28 15:58:03,859 [ERROR] Error checking robots.txt for https://support.hp.com/us-en/security-bulletins: module 'robots' has no attribute 'RobotsParser'
2024-11-28 15:58:05,394 [INFO] Fetching URL: https://support.hp.com/us-en/security-bulletins
2024-11-28 15:58:13,613 [INFO] Using custom scraper for HP.
2024-11-28 15:58:13,617 [WARNING] No CVE table found on HP page.
2024-11-28 15:58:15,690 [INFO] Web scraping completed.
2024-11-28 15:58:15,694 [INFO] Structured data into DataFrame with 0 records.
2024-11-28 15:58:15,697 [INFO] Data saved to cve_data.csv
2024-11-28 15:58:40,004 [INFO] ====== WebDriver manager ======
2024-11-28 15:58:40,698 [INFO] Get LATEST chromedriver version for google-chrome
2024-11-28 15:58:40,884 [INFO] Get LATEST chromedriver version for google-chrome
2024-11-28 15:58:41,016 [INFO] Driver [C:\Users\dhana\.wdm\drivers\chromedriver\win64\131.0.6778.85\chromedriver-win32/chromedriver.exe] found in cache
2024-11-28 15:58:42,095 [INFO] Initialized headless Chrome WebDriver.
2024-11-28 15:58:42,449 [ERROR] Error checking robots.txt for https://www.dell.com/support/security: module 'robots' has no attribute 'RobotsParser'
2024-11-28 15:58:44,629 [INFO] Fetching URL: https://www.dell.com/support/security
2024-11-28 15:58:51,304 [INFO] Found 842 CVE IDs in https://www.dell.com/support/security
2024-11-28 15:59:24,511 [INFO] Web scraping completed.
2024-11-28 15:59:24,514 [INFO] Structured data into DataFrame with 0 records.
2024-11-28 15:59:24,519 [INFO] Data saved to cve_data.csv
2024-11-28 15:59:49,807 [INFO] ====== WebDriver manager ======
2024-11-28 15:59:50,488 [INFO] Get LATEST chromedriver version for google-chrome
2024-11-28 15:59:50,639 [INFO] Get LATEST chromedriver version for google-chrome
2024-11-28 15:59:50,755 [INFO] Driver [C:\Users\dhana\.wdm\drivers\chromedriver\win64\131.0.6778.85\chromedriver-win32/chromedriver.exe] found in cache
2024-11-28 15:59:51,807 [INFO] Initialized headless Chrome WebDriver.
2024-11-28 15:59:52,112 [ERROR] Error checking robots.txt for https://support.hp.com/us-en/security-bulletins: module 'robots' has no attribute 'RobotsParser'
2024-11-28 15:59:53,903 [INFO] Fetching URL: https://support.hp.com/us-en/security-bulletins
2024-11-28 16:00:00,114 [INFO] Using custom scraper for HP.
2024-11-28 16:00:00,118 [WARNING] No CVE table found on HP page.
2024-11-28 16:00:02,191 [INFO] Web scraping completed.
2024-11-28 16:00:02,193 [INFO] Structured data into DataFrame with 0 records.
2024-11-28 16:00:02,196 [INFO] Data saved to cve_data.csv
2024-11-28 16:03:50,058 [INFO] ====== WebDriver manager ======
2024-11-28 16:03:50,740 [INFO] Get LATEST chromedriver version for google-chrome
2024-11-28 16:03:50,877 [INFO] Get LATEST chromedriver version for google-chrome
2024-11-28 16:03:50,985 [INFO] Driver [C:\Users\dhana\.wdm\drivers\chromedriver\win64\131.0.6778.85\chromedriver-win32/chromedriver.exe] found in cache
2024-11-28 16:03:52,017 [INFO] Initialized headless Chrome WebDriver.
2024-11-28 16:03:52,499 [WARNING] Fetching disallowed by robots.txt: https://support.hp.com/us-en/security-bulletins
2024-11-28 16:03:52,499 [WARNING] Skipping URL due to fetch failure: https://support.hp.com/us-en/security-bulletins
2024-11-28 16:03:54,564 [INFO] Web scraping completed.
2024-11-28 16:03:54,568 [INFO] Structured data into DataFrame with 0 records.
2024-11-28 16:03:54,594 [INFO] Data saved to cve_data.csv
2024-11-28 16:07:43,160 [INFO] ====== WebDriver manager ======
2024-11-28 16:07:43,986 [INFO] Get LATEST chromedriver version for google-chrome
2024-11-28 16:07:44,133 [INFO] Get LATEST chromedriver version for google-chrome
2024-11-28 16:07:44,271 [INFO] Driver [C:\Users\dhana\.wdm\drivers\chromedriver\win64\131.0.6778.85\chromedriver-win32/chromedriver.exe] found in cache
2024-11-28 16:07:45,385 [INFO] Initialized headless Chrome WebDriver.
2024-11-28 16:07:45,905 [WARNING] Fetching disallowed by robots.txt: https://support.hp.com/us-en/security-bulletins
2024-11-28 16:07:45,905 [WARNING] Skipping URL due to fetch failure: https://support.hp.com/us-en/security-bulletins
2024-11-28 16:07:47,969 [INFO] Web scraping completed.
2024-11-28 16:07:47,971 [INFO] Structured data into DataFrame with 0 records.
2024-11-28 16:07:48,003 [INFO] Data saved to cve_data.csv
2024-11-28 16:10:36,214 [INFO] ====== WebDriver manager ======
2024-11-28 16:10:36,951 [INFO] Get LATEST chromedriver version for google-chrome
2024-11-28 16:10:37,077 [INFO] Get LATEST chromedriver version for google-chrome
2024-11-28 16:10:37,210 [INFO] Driver [C:\Users\dhana\.wdm\drivers\chromedriver\win64\131.0.6778.85\chromedriver-win32/chromedriver.exe] found in cache
2024-11-28 16:10:38,268 [INFO] Initialized headless Chrome WebDriver.
2024-11-28 16:10:38,801 [WARNING] Fetching disallowed by robots.txt: https://support.hp.com/us-en/security-bulletins
2024-11-28 16:10:38,802 [WARNING] Skipping URL due to fetch failure: https://support.hp.com/us-en/security-bulletins
2024-11-28 16:10:40,880 [INFO] Web scraping completed.
2024-11-28 16:10:40,881 [INFO] Structured data into DataFrame with 0 records.
2024-11-28 16:10:40,918 [INFO] Data saved to cve_data.csv
2024-11-28 16:12:07,038 [INFO] ====== WebDriver manager ======
2024-11-28 16:12:07,731 [INFO] Get LATEST chromedriver version for google-chrome
2024-11-28 16:12:07,861 [INFO] Get LATEST chromedriver version for google-chrome
2024-11-28 16:12:08,005 [INFO] Driver [C:\Users\dhana\.wdm\drivers\chromedriver\win64\131.0.6778.85\chromedriver-win32/chromedriver.exe] found in cache
2024-11-28 16:12:09,049 [INFO] Initialized headless Chrome WebDriver.
2024-11-28 16:12:09,596 [WARNING] Fetching disallowed by robots.txt: https://support.hp.com/us-en/security-bulletins
2024-11-28 16:12:09,596 [WARNING] Skipping URL due to fetch failure: https://support.hp.com/us-en/security-bulletins
2024-11-28 16:12:11,659 [INFO] Web scraping completed.
2024-11-28 16:12:11,662 [INFO] Structured data into DataFrame with 0 records.
2024-11-28 16:12:11,689 [INFO] Data saved to cve_data.csv
2024-11-28 16:13:54,180 [INFO] ====== WebDriver manager ======
2024-11-28 16:13:54,858 [INFO] Get LATEST chromedriver version for google-chrome
2024-11-28 16:13:55,003 [INFO] Get LATEST chromedriver version for google-chrome
2024-11-28 16:13:55,119 [INFO] Driver [C:\Users\dhana\.wdm\drivers\chromedriver\win64\131.0.6778.85\chromedriver-win32/chromedriver.exe] found in cache
2024-11-28 16:13:56,226 [INFO] Initialized headless Chrome WebDriver.
2024-11-28 16:13:56,700 [INFO] Robots.txt allows fetch: False for URL: https://support.hp.com/us-en/security-bulletins
2024-11-28 16:13:56,701 [WARNING] Fetching disallowed by robots.txt: https://support.hp.com/us-en/security-bulletins
2024-11-28 16:13:56,701 [WARNING] Skipping URL due to fetch failure: https://support.hp.com/us-en/security-bulletins
2024-11-28 16:13:58,764 [INFO] Web scraping completed.
2024-11-28 16:13:58,767 [INFO] Structured data into DataFrame with 0 records.
2024-11-28 16:13:58,803 [INFO] Data saved to cve_data.csv
2024-11-28 16:16:26,854 [INFO] ====== WebDriver manager ======
2024-11-28 16:16:27,505 [INFO] Get LATEST chromedriver version for google-chrome
2024-11-28 16:16:27,627 [INFO] Get LATEST chromedriver version for google-chrome
2024-11-28 16:16:27,739 [INFO] Driver [C:\Users\dhana\.wdm\drivers\chromedriver\win64\131.0.6778.85\chromedriver-win32/chromedriver.exe] found in cache
2024-11-28 16:16:28,791 [INFO] Initialized headless Chrome WebDriver.
2024-11-28 16:16:29,084 [ERROR] Error fetching https://support.hp.com/us-en/security-bulletins: 'WebScraper' object has no attribute '_can_fetch'
2024-11-28 16:16:29,084 [WARNING] Skipping URL due to fetch failure: https://support.hp.com/us-en/security-bulletins
2024-11-28 16:16:31,152 [INFO] Web scraping completed.
2024-11-28 16:16:31,153 [INFO] Structured data into DataFrame with 0 records.
2024-11-28 16:16:31,181 [INFO] Data saved to cve_data.csv
2024-11-28 16:31:11,284 [INFO] ====== WebDriver manager ======
2024-11-28 16:31:11,939 [INFO] Get LATEST chromedriver version for google-chrome
2024-11-28 16:31:12,120 [INFO] Get LATEST chromedriver version for google-chrome
2024-11-28 16:31:12,233 [INFO] Driver [C:\Users\dhana\.wdm\drivers\chromedriver\win64\131.0.6778.85\chromedriver-win32/chromedriver.exe] found in cache
2024-11-28 16:31:13,283 [INFO] Initialized headless Chrome WebDriver with User-Agent: Mozilla/5.0 (Macintosh; Intel Mac OS X 10.15; rv:90.0) Gecko/20100101 Firefox/90.0
2024-11-28 16:31:15,458 [INFO] Fetching URL: https://support.hp.com/us-en/security-bulletins
2024-11-28 16:31:34,427 [INFO] Using custom scraper for HP.
2024-11-28 16:31:34,431 [WARNING] No CVE table found on HP page.
2024-11-28 16:31:36,520 [INFO] Web scraping completed.
2024-11-28 16:31:36,523 [INFO] Structured data into DataFrame with 0 records.
2024-11-28 16:31:36,525 [INFO] Data saved to cve_data.csv
2024-11-28 16:33:10,473 [INFO] ====== WebDriver manager ======
2024-11-28 16:33:11,118 [INFO] Get LATEST chromedriver version for google-chrome
2024-11-28 16:33:11,263 [INFO] Get LATEST chromedriver version for google-chrome
2024-11-28 16:33:11,376 [INFO] Driver [C:\Users\dhana\.wdm\drivers\chromedriver\win64\131.0.6778.85\chromedriver-win32/chromedriver.exe] found in cache
2024-11-28 16:33:12,493 [INFO] Initialized headless Chrome WebDriver with User-Agent: Mozilla/5.0 (Windows NT 10.0; WOW64; rv:91.0) Gecko/20100101 Firefox/91.0
2024-11-28 16:33:14,819 [INFO] Fetching URL: https://support.hp.com/us-en/security-bulletins
2024-11-28 16:33:24,777 [INFO] Using custom scraper for HP.
2024-11-28 16:33:26,866 [INFO] Web scraping completed.
2024-11-28 16:33:26,885 [INFO] Structured data into DataFrame with 5 records.
2024-11-28 16:33:26,889 [INFO] Data saved to cve_data.csv
2024-11-28 16:35:45,969 [INFO] ====== WebDriver manager ======
2024-11-28 16:35:46,628 [INFO] Get LATEST chromedriver version for google-chrome
2024-11-28 16:35:46,778 [INFO] Get LATEST chromedriver version for google-chrome
2024-11-28 16:35:46,899 [INFO] Driver [C:\Users\dhana\.wdm\drivers\chromedriver\win64\131.0.6778.85\chromedriver-win32/chromedriver.exe] found in cache
2024-11-28 16:35:47,999 [INFO] Initialized headless Chrome WebDriver with User-Agent: Mozilla/5.0 (Macintosh; Intel Mac OS X 10_15_7) AppleWebKit/537.36 (KHTML, like Gecko) Chrome/91.0.4472.124 Safari/537.36
2024-11-28 16:35:49,887 [INFO] Fetching URL: https://support.hp.com/us-en/security-bulletins
2024-11-28 16:36:05,309 [INFO] Using custom scraper for HP.
2024-11-28 16:36:07,404 [INFO] Web scraping completed.
2024-11-28 16:36:07,407 [INFO] Structured data into DataFrame with 5 records.
2024-11-28 16:36:07,411 [INFO] Data saved to cveid_dataaa.csv
2024-11-28 16:47:05,584 [INFO] ====== WebDriver manager ======
2024-11-28 16:47:06,384 [INFO] Get LATEST chromedriver version for google-chrome
2024-11-28 16:47:06,661 [INFO] Get LATEST chromedriver version for google-chrome
2024-11-28 16:47:06,843 [INFO] Driver [C:\Users\dhana\.wdm\drivers\chromedriver\win64\131.0.6778.85\chromedriver-win32/chromedriver.exe] found in cache
2024-11-28 16:47:07,968 [INFO] Initialized headless Chrome WebDriver with User-Agent: Mozilla/5.0 (Windows NT 10.0; WOW64; rv:91.0) Gecko/20100101 Firefox/91.0
2024-11-28 16:47:11,750 [INFO] Fetching URL: https://support.hp.com/us-en/security-bulletins
2024-11-28 16:47:32,334 [INFO] Using custom scraper for HP.
2024-11-28 16:47:32,338 [ERROR] Error scraping HP: name 'target_products' is not defined
2024-11-28 16:47:34,406 [INFO] Web scraping completed.
2024-11-28 16:47:34,409 [INFO] Structured data into DataFrame with 0 records.
2024-11-28 16:47:34,412 [INFO] Data saved to cveid_dataaa.csv
2024-11-28 16:58:07,576 [INFO] ====== WebDriver manager ======
2024-11-28 16:58:08,312 [INFO] Get LATEST chromedriver version for google-chrome
2024-11-28 16:58:08,493 [INFO] Get LATEST chromedriver version for google-chrome
2024-11-28 16:58:08,671 [INFO] Driver [C:\Users\dhana\.wdm\drivers\chromedriver\win64\131.0.6778.85\chromedriver-win32/chromedriver.exe] found in cache
2024-11-28 16:58:09,809 [INFO] Initialized headless Chrome WebDriver with User-Agent: Mozilla/5.0 (Macintosh; Intel Mac OS X 10.15; rv:90.0) Gecko/20100101 Firefox/90.0
2024-11-28 16:58:13,017 [INFO] Fetching URL: https://support.hp.com/us-en/security-bulletins
2024-11-28 16:58:29,299 [INFO] Using custom scraper for HP.
2024-11-28 16:58:31,389 [INFO] Web scraping completed.
2024-11-28 16:58:31,403 [INFO] Structured data into DataFrame with 5 records.
2024-11-28 16:58:31,406 [INFO] Data saved to cveid_dataaa.csv
2024-11-28 17:10:42,356 [INFO] ====== WebDriver manager ======
2024-11-28 17:10:43,283 [INFO] Get LATEST chromedriver version for google-chrome
2024-11-28 17:10:43,481 [INFO] Get LATEST chromedriver version for google-chrome
2024-11-28 17:10:43,636 [INFO] Driver [C:\Users\dhana\.wdm\drivers\chromedriver\win64\131.0.6778.85\chromedriver-win32/chromedriver.exe] found in cache
2024-11-28 17:10:45,962 [INFO] Initialized headless Chrome WebDriver with User-Agent: Mozilla/5.0 (Windows NT 10.0; Win64; x64) AppleWebKit/537.36 (KHTML, like Gecko) Chrome/89.0.4389.82 Safari/537.36
2024-11-28 17:10:48,243 [INFO] Fetching URL: https://support.hp.com/us-en/security-bulletins
2024-11-28 17:11:03,923 [INFO] Using custom scraper for HP.
2024-11-28 17:11:05,933 [INFO] Fetching URL: https://www.dell.com/support/security
2024-11-28 17:11:22,016 [INFO] Found 842 CVE IDs in https://www.dell.com/support/security
2024-11-28 17:11:57,847 [INFO] Web scraping completed.
2024-11-28 17:11:57,853 [INFO] Structured data into DataFrame with 5 records.
2024-11-28 17:11:57,858 [INFO] Data saved to cve_data.csv
2024-11-28 23:08:13,380 [INFO] ====== WebDriver manager ======
2024-11-28 23:08:14,513 [INFO] Get LATEST chromedriver version for google-chrome
2024-11-28 23:08:14,654 [INFO] Get LATEST chromedriver version for google-chrome
2024-11-28 23:08:14,728 [INFO] Driver [C:\Users\dhana\.wdm\drivers\chromedriver\win64\131.0.6778.85\chromedriver-win32/chromedriver.exe] found in cache
2024-11-28 23:08:15,792 [INFO] Initialized headless Chrome WebDriver with User-Agent: Mozilla/5.0 (Windows NT 10.0; Win64; x64) AppleWebKit/537.36 (KHTML, like Gecko) Chrome/89.0.4389.82 Safari/537.36
2024-11-28 23:08:18,510 [INFO] Fetching URL: https://support.hp.com/us-en/security-bulletins
2024-11-28 23:08:32,551 [INFO] Using custom scraper for HP.
2024-11-28 23:08:34,643 [INFO] Web scraping completed.
2024-11-28 23:08:34,645 [INFO] Structured data into DataFrame with 5 records.
2024-11-28 23:08:34,649 [INFO] Data saved to cve_data.csv
